<?xml version="1.0" encoding="UTF-8"?>
<testng-results skipped="0" failed="0" ignored="0" total="1" passed="1">
  <reporter-output>
  </reporter-output>
  <suite name="Default suite" duration-ms="59191" started-at="2017-12-20T09:17:44Z" finished-at="2017-12-20T09:18:43Z">
    <groups>
    </groups>
    <test name="Default test" duration-ms="59191" started-at="2017-12-20T09:17:44Z" finished-at="2017-12-20T09:18:43Z">
      <class name="Selenium.VSTS.Jmeter.TestCases.LoginTest">
        <test-method status="PASS" signature="login()[pri:0, instance:Selenium.VSTS.Jmeter.TestCases.LoginTest@548a9f61]" name="login" duration-ms="59093" started-at="2017-12-20T14:47:44Z" finished-at="2017-12-20T14:48:43Z">
          <reporter-output>
          </reporter-output>
        </test-method> <!-- login -->
      </class> <!-- Selenium.VSTS.Jmeter.TestCases.LoginTest -->
    </test> <!-- Default test -->
  </suite> <!-- Default suite -->
</testng-results>
